<?xml version="1.0" encoding="UTF-8"?>
<!-- Generated by org.testng.reporters.JUnitReportReporter -->
<testsuite skipped="0" hostname="DESKTOP-1JKDRF2" name="testNG.Demo4" tests="3" failures="0" timestamp="21 Jun 2020 05:58:23 GMT" time="0.036" errors="0">
  <testcase name="UserCreate" time="0.023" classname="testNG.Demo4"/>
  <testcase name="UserEdit" time="0.007" classname="testNG.Demo4"/>
  <testcase name="UserDelete" time="0.006" classname="testNG.Demo4"/>
</testsuite> <!-- testNG.Demo4 -->
