<?xml version="1.0" encoding="UTF-8"?>
<!-- Generated by org.testng.reporters.JUnitReportReporter -->
<testsuite skipped="0" hostname="DESKTOP-1JKDRF2" name="testNG.Demo9" tests="3" failures="0" timestamp="27 Jun 2020 03:52:09 GMT" time="0.038" errors="0">
  <testcase name="testE" time="0.004" classname="testNG.Demo9"/>
  <testcase name="testA" time="0.009" classname="testNG.Demo9"/>
  <testcase name="testD" time="0.025" classname="testNG.Demo9"/>
</testsuite> <!-- testNG.Demo9 -->
