<?xml version="1.0" encoding="UTF-8"?>
<!-- Generated by org.testng.reporters.JUnitReportReporter -->
<testsuite skipped="0" hostname="DESKTOP-1JKDRF2" name="testNG.Demo" tests="1" failures="0" timestamp="21 Jun 2020 05:27:21 GMT" time="0.020" errors="0">
  <testcase name="testA" time="0.020" classname="testNG.Demo"/>
</testsuite> <!-- testNG.Demo -->
