<?xml version="1.0" encoding="UTF-8"?>
<!-- Generated by org.testng.reporters.JUnitReportReporter -->
<testsuite skipped="0" hostname="DESKTOP-1JKDRF2" name="testng2.Demo" tests="3" failures="0" timestamp="27 Jun 2020 04:24:18 GMT" time="0.046" errors="0">
  <testcase name="createTask" time="0.035" classname="testng2.Demo"/>
  <testcase name="editTask" time="0.009" classname="testng2.Demo"/>
  <testcase name="deleteTask" time="0.002" classname="testng2.Demo"/>
</testsuite> <!-- testng2.Demo -->
