<?xml version="1.0" encoding="UTF-8"?>
<!-- Generated by org.testng.reporters.JUnitReportReporter -->
<testsuite skipped="0" hostname="DESKTOP-1JKDRF2" name="testng2.Demo4" tests="1" failures="0" timestamp="27 Jun 2020 04:53:25 GMT" time="40.406" errors="0">
  <testcase name="testA" time="40.406" classname="testng2.Demo4"/>
</testsuite> <!-- testng2.Demo4 -->
