<?xml version="1.0" encoding="UTF-8"?>
<!-- Generated by org.testng.reporters.JUnitReportReporter -->
<testsuite skipped="0" hostname="DESKTOP-1JKDRF2" name="testNG.Demo1" tests="1" failures="0" timestamp="21 Jun 2020 05:27:21 GMT" time="0.005" errors="0">
  <testcase name="testB" time="0.005" classname="testNG.Demo1"/>
</testsuite> <!-- testNG.Demo1 -->
