<?xml version="1.0" encoding="UTF-8"?>
<!-- Generated by org.testng.reporters.JUnitReportReporter -->
<testsuite skipped="0" hostname="DESKTOP-1JKDRF2" name="testNG.Demo8" tests="10" failures="0" timestamp="21 Jun 2020 06:20:45 GMT" time="0.055" errors="0">
  <testcase name="UserCreate" time="0.026" classname="testNG.Demo8"/>
  <testcase name="UserCreate" time="0.004" classname="testNG.Demo8"/>
  <testcase name="UserCreate" time="0.003" classname="testNG.Demo8"/>
  <testcase name="UserCreate" time="0.004" classname="testNG.Demo8"/>
  <testcase name="UserCreate" time="0.003" classname="testNG.Demo8"/>
  <testcase name="UserCreate" time="0.004" classname="testNG.Demo8"/>
  <testcase name="UserCreate" time="0.003" classname="testNG.Demo8"/>
  <testcase name="UserCreate" time="0.002" classname="testNG.Demo8"/>
  <testcase name="UserCreate" time="0.001" classname="testNG.Demo8"/>
  <testcase name="UserCreate" time="0.005" classname="testNG.Demo8"/>
</testsuite> <!-- testNG.Demo8 -->
