<?xml version="1.0" encoding="UTF-8"?>
<!-- Generated by org.testng.reporters.JUnitReportReporter -->
<testsuite skipped="0" hostname="DESKTOP-1JKDRF2" name="testng2.Demo1" tests="1" failures="0" timestamp="27 Jun 2020 04:43:58 GMT" time="44.394" errors="0">
  <testcase name="testA" time="44.394" classname="testng2.Demo1"/>
</testsuite> <!-- testng2.Demo1 -->
