<?xml version="1.0" encoding="UTF-8"?>
<!-- Generated by org.testng.reporters.JUnitReportReporter -->
<testsuite skipped="0" hostname="DESKTOP-1JKDRF2" name="testng1.Demo1" tests="2" failures="0" timestamp="27 Jun 2020 05:07:27 GMT" time="0.017" errors="0">
  <testcase name="testB" time="0.005" classname="testng1.Demo1"/>
  <testcase name="testA" time="0.012" classname="testng1.Demo1"/>
</testsuite> <!-- testng1.Demo1 -->
