<?xml version="1.0" encoding="UTF-8"?>
<!-- Generated by org.testng.reporters.JUnitReportReporter -->
<testsuite skipped="0" hostname="DESKTOP-1JKDRF2" name="testng1.Demo2" tests="1" failures="0" timestamp="27 Jun 2020 05:07:27 GMT" time="0.004" errors="0">
  <testcase name="testC" time="0.004" classname="testng1.Demo2"/>
</testsuite> <!-- testng1.Demo2 -->
