<?xml version="1.0" encoding="UTF-8"?>
<!-- Generated by org.testng.reporters.JUnitReportReporter -->
<testsuite skipped="1" hostname="DESKTOP-1JKDRF2" name="testNG.Demo7" tests="3" failures="0" timestamp="21 Jun 2020 06:18:44 GMT" time="0.037" errors="0">
  <testcase name="UserCreate" time="0.029" classname="testNG.Demo7"/>
  <testcase name="UserDelete" time="0.008" classname="testNG.Demo7"/>
  <testcase name="UserEdit" classname="testNG.Demo7">
    <skipped/>
  </testcase> <!-- UserEdit -->
</testsuite> <!-- testNG.Demo7 -->
