<?xml version="1.0" encoding="UTF-8"?>
<!-- Generated by org.testng.reporters.JUnitReportReporter -->
<testsuite skipped="0" hostname="DESKTOP-1JKDRF2" name="testNG.Demo3" tests="3" failures="0" timestamp="21 Jun 2020 05:50:34 GMT" time="0.030" errors="0">
  <testcase name="UserCreate" time="0.024" classname="testNG.Demo3"/>
  <testcase name="UserEdit" time="0.003" classname="testNG.Demo3"/>
  <testcase name="UserDelete" time="0.003" classname="testNG.Demo3"/>
</testsuite> <!-- testNG.Demo3 -->
