<?xml version="1.0" encoding="UTF-8"?>
<!-- Generated by org.testng.reporters.JUnitReportReporter -->
<testsuite skipped="0" hostname="DESKTOP-1JKDRF2" name="testng2.Demo3" tests="1" failures="0" timestamp="27 Jun 2020 04:49:40 GMT" time="38.655" errors="0">
  <testcase name="testA" time="38.655" classname="testng2.Demo3"/>
</testsuite> <!-- testng2.Demo3 -->
